<?xml version="1.0" encoding="UTF-8"?>
<testsuite name="no.ums.interview.Sha1Test" tests="2" failures="0" errors="0" timestamp="2015-03-21T18:14:53" hostname="Sutapa-HP" time="0.002">
  <properties/>
  <testcase name="testSha1" classname="no.ums.interview.Sha1Test" time="0.0"/>
  <testcase name="testSha1Stream" classname="no.ums.interview.Sha1Test" time="0.002"/>
  <system-out><![CDATA[]]></system-out>
  <system-err><![CDATA[]]></system-err>
</testsuite>
