<?xml version="1.0" encoding="UTF-8"?>
<testsuite name="no.ums.interview.FizzBuzzTest" tests="2" failures="0" errors="0" timestamp="2015-03-21T18:14:53" hostname="Sutapa-HP" time="0.013">
  <properties/>
  <testcase name="testFizzBuzz100" classname="no.ums.interview.FizzBuzzTest" time="0.008"/>
  <testcase name="testFizzBuzz1000" classname="no.ums.interview.FizzBuzzTest" time="0.005"/>
  <system-out><![CDATA[]]></system-out>
  <system-err><![CDATA[]]></system-err>
</testsuite>
